[gpn-node19:87339] *** Process received signal ***
[gpn-node19:87339] Signal: Segmentation fault (11)
[gpn-node19:87339] Signal code:  (128)
[gpn-node19:87339] Failing at address: (nil)
[gpn-node19:87339] [ 0] /lib64/libpthread.so.0(+0x12d70)[0x7f184faa6d70]
[gpn-node19:87339] [ 1] /opt/openmpi-4.1.6/lib/openmpi/mca_pml_ob1.so(check_cantmatch_for_match+0xd)[0x7f183f5c206d]
[gpn-node19:87339] [ 2] /opt/openmpi-4.1.6/lib/openmpi/mca_pml_ob1.so(mca_pml_ob1_recv_frag_callback_match+0x665)[0x7f183f5c3505]
[gpn-node19:87339] [ 3] /opt/openmpi-4.1.6/lib/openmpi/mca_btl_tcp.so(+0x8474)[0x7f183fdf6474]
[gpn-node19:87339] [ 4] /opt/openmpi-4.1.6/lib/libopen-pal.so.40(opal_libevent2022_event_base_loop+0xee6)[0x7f184f17cd36]
[gpn-node19:87339] [ 5] /opt/openmpi-4.1.6/lib/libopen-pal.so.40(+0x334e3)[0x7f184f1324e3]
[gpn-node19:87339] [ 6] /opt/openmpi-4.1.6/lib/libopen-pal.so.40(opal_progress+0x84)[0x7f184f132634]
[gpn-node19:87339] [ 7] /opt/openmpi/lib/libmpi.so.40(ompi_request_default_wait+0x3d)[0x7f185073624d]
[gpn-node19:87339] [ 8] /opt/openmpi/lib/libmpi.so.40(ompi_coll_base_sendrecv_actual+0xab)[0x7f185079180b]
[gpn-node19:87339] [ 9] /opt/openmpi/lib/libmpi.so.40(ompi_coll_base_allgather_intra_recursivedoubling+0xf7)[0x7f1850790117]
[gpn-node19:87339] [10] /opt/openmpi-4.1.6/lib/openmpi/mca_coll_tuned.so(ompi_coll_tuned_allgather_intra_dec_fixed+0x4a)[0x7f183e32d69a]
[gpn-node19:87339] [11] [gpn-node19:87338] *** An error occurred in MPI_Allgather
[gpn-node19:87338] *** reported by process [2607022081,6]
[gpn-node19:87338] *** on communicator MPI_COMM_WORLD
[gpn-node19:87338] *** MPI_ERR_TRUNCATE: message truncated
[gpn-node19:87338] *** MPI_ERRORS_ARE_FATAL (processes in this communicator will now abort,
[gpn-node19:87338] ***    and potentially your MPI job)
/opt/openmpi/lib/libmpi.so.40(MPI_Allgather+0x143)[0x7f185074cf13]
[gpn-node19:87339] [12] ./runner[0x4013b7]
[gpn-node19:87339] [13] /lib64/libc.so.6(__libc_start_main+0xe5)[0x7f184f6f88a5]
[gpn-node19:87339] [14] ./runner[0x4019ee]
[gpn-node19:87339] *** End of error message ***
[gpn-node18][[39780,1],4][btl_tcp.c:559:mca_btl_tcp_recv_blocking] recv(18) failed: Connection reset by peer (104)
[gpn-node15][[39780,1],2][btl_tcp.c:559:mca_btl_tcp_recv_blocking] recv(18) failed: Connection reset by peer (104)
[gpn-node18][[39780,1],5][btl_tcp.c:559:mca_btl_tcp_recv_blocking] recv(17) failed: Connection reset by peer (104)
[gpn-node15][[39780,1],3][btl_tcp.c:559:mca_btl_tcp_recv_blocking] recv(17) failed: Connection reset by peer (104)
